INFO:root:{'datetime': '2024-01-09', 'points': 2111}, time: 1704801551.851091
INFO:root:{'datetime': '2024-01-09', 'points': 2121}, time: 1704807046.587903
INFO:root:{'datetime': '2024-01-09', 'points': 2121}, time: 1704807361.980282
INFO:root:{'datetime': '2024-01-09', 'points': 2121}, time: 1704808045.043707
INFO:root:{'datetime': '2024-01-09', 'points': 2121}, time: 1704808347.824514
INFO:root:{'datetime': '2024-01-09', 'points': 2121}, time: 1704808485.421858
INFO:root:{'datetime': '2024-01-09', 'points': 2121}, time: 1704808987.983514
INFO:root:{'datetime': '2024-01-09', 'points': 2121}, time: 1704809344.264184
INFO:root:{'datetime': '2024-01-09', 'points': 2121}, time: 1704810433.141627
INFO:root:{'datetime': '2024-01-09', 'points': 2121}, time: 1704810959.35175
INFO:root:{'datetime': '2024-01-09', 'points': 2121}, time: 1704811696.106552
INFO:root:{'datetime': '2024-01-09', 'points': 2121}, time: 1704812796.124155
INFO:root:{'datetime': '2024-01-09', 'points': 2121}, time: 1704812948.66946
INFO:root:{'datetime': '2024-01-09', 'points': 2132}, time: 1704846816.707375
INFO:root:{'datetime': '2024-01-09', 'points': 2132}, time: 1704847884.191051
INFO:root:{'datetime': '2024-01-09', 'points': 2132}, time: 1704848007.065642
INFO:root:{'datetime': '2024-01-09', 'points': 2132}, time: 1704848015.183872
INFO:root:{'datetime': '2024-01-09', 'points': 2132}, time: 1704848047.159291
INFO:root:{'datetime': '2024-01-09', 'points': 2132}, time: 1704848715.313651
INFO:root:{'datetime': '2024-01-09', 'points': 2132}, time: 1704848790.016181
INFO:root:{'datetime': '2024-01-09', 'points': 2132}, time: 1704852132.923397
INFO:root:{'datetime': '2024-01-09', 'points': 2132}, time: 1704856588.548799
INFO:root:{'datetime': '2024-01-09', 'points': 2132}, time: 1704860329.780934
INFO:root:{'datetime': '2024-01-09', 'points': 2132}, time: 1704863674.923028
INFO:root:{'datetime': '2024-01-09', 'points': 2132}, time: 1704867608.120573
INFO:root:{'datetime': '2024-01-09', 'points': 2132}, time: 1704870854.235246
INFO:root:{'datetime': '2024-01-10', 'points': 2132}, time: 1704874762.197913
INFO:root:{'datetime': '2024-01-10', 'points': 2132}, time: 1704878137.503802
INFO:root:{'datetime': '2024-01-10', 'points': 2132}, time: 1704881787.298344
INFO:root:{'datetime': '2024-01-10', 'points': 2132}, time: 1704885199.646806
INFO:root:{'datetime': '2024-01-10', 'points': 2132}, time: 1704889743.43006
INFO:root:{'datetime': '2024-01-10', 'points': 2132}, time: 1704899659.381076
INFO:root:{'datetime': '2024-01-10', 'points': 2132}, time: 1704910684.272513
INFO:root:{'datetime': '2024-01-10', 'points': 2132}, time: 1704921125.207448
INFO:root:{'datetime': '2024-01-10', 'points': 2132}, time: 1704935089.517555
INFO:root:{'datetime': '2024-01-10', 'points': 2132}, time: 1704942917.293181
INFO:root:{'datetime': '2024-01-10', 'points': 2143}, time: 1704943407.568198
INFO:root:{'datetime': '2024-01-10', 'points': 2143}, time: 1704953939.457973
INFO:root:{'datetime': '2024-01-11', 'points': 2143}, time: 1704964481.098695
INFO:root:{'datetime': '2024-01-11', 'points': 2143}, time: 1704976036.109381
INFO:root:{'datetime': '2024-01-11', 'points': 2143}, time: 1704986120.62635
INFO:root:{'datetime': '2024-01-11', 'points': 2143}, time: 1704997098.679925
INFO:root:{'datetime': '2024-01-11', 'points': 2143}, time: 1705002491.660156
INFO:root:{'datetime': '2024-01-11', 'points': 2143}, time: 1705002951.884119
INFO:root:{'datetime': '2024-01-11', 'points': 2143}, time: 1705003047.953888
INFO:root:{'datetime': '2024-01-11', 'points': 2143}, time: 1705007567.249603
INFO:root:{'datetime': '2024-01-11', 'points': 2168}, time: 1705021489.116541
INFO:root:{'datetime': '2024-01-11', 'points': 2179}, time: 1705025972.910477
INFO:root:{'datetime': '2024-01-11', 'points': 2179}, time: 1705029315.422122
INFO:root:{'datetime': '2024-01-11', 'points': 2179}, time: 1705040335.207338
INFO:root:{'datetime': '2024-01-12', 'points': 2179}, time: 1705050893.146429
INFO:root:{'datetime': '2024-01-12', 'points': 2179}, time: 1705062411.749969
INFO:root:{'datetime': '2024-01-12', 'points': 2179}, time: 1705072452.591038
INFO:root:{'datetime': '2024-01-12', 'points': 2179}, time: 1705083484.491774
INFO:root:{'datetime': '2024-01-12', 'points': 2179}, time: 1705093933.688869
INFO:root:{'datetime': '2024-01-12', 'points': 2179}, time: 1705107839.996838
INFO:root:{'datetime': '2024-01-12', 'points': 2215}, time: 1705108375.469645
INFO:root:{'datetime': '2024-01-12', 'points': 2215}, time: 1705108558.513028
INFO:root:{'datetime': '2024-01-12', 'points': 2215}, time: 1705115687.590781
INFO:root:{'datetime': '2024-01-12', 'points': 2240}, time: 1705126646.680593
INFO:root:{'datetime': '2024-01-13', 'points': 2240}, time: 1705137170.052732
INFO:root:{'datetime': '2024-01-13', 'points': 2240}, time: 1705148708.458304
INFO:root:{'datetime': '2024-01-13', 'points': 2265}, time: 1705156320.991654
INFO:root:{'datetime': '2024-01-13', 'points': 2265}, time: 1705156470.780391
INFO:root:{'datetime': '2024-01-13', 'points': 2265}, time: 1705156532.564529
INFO:root:{'datetime': '2024-01-13', 'points': 2265}, time: 1705156549.440479
INFO:root:{'datetime': '2024-01-13', 'points': 2265}, time: 1705156568.813839
INFO:root:{'datetime': '2024-01-13', 'points': 2265}, time: 1705156693.252524
INFO:root:{'datetime': '2024-01-13', 'points': 2265}, time: 1705156714.546416
INFO:root:{'datetime': '2024-01-13', 'points': 2265}, time: 1705156725.690166
INFO:root:{'datetime': '2024-01-13', 'points': 2265}, time: 1705156735.953578
INFO:root:{'datetime': '2024-01-13', 'points': 2265}, time: 1705156755.225882
INFO:root:{'datetime': '2024-01-13', 'points': 2265}, time: 1705156771.681124
INFO:root:{'datetime': '2024-01-13', 'points': 2265}, time: 1705156791.818315
INFO:root:{'datetime': '2024-01-13', 'points': 2265}, time: 1705156810.531804
INFO:root:{'datetime': '2024-01-13', 'points': 2265}, time: 1705158801.089624
INFO:root:{'datetime': '2024-01-13', 'points': 2265}, time: 1705169806.029757
INFO:root:{'datetime': '2024-01-13', 'points': 2290}, time: 1705180104.837198
INFO:root:{'datetime': '2024-01-13', 'points': 2290}, time: 1705180316.051836
INFO:root:{'datetime': '2024-01-13', 'points': 2290}, time: 1705194570.060093
INFO:root:{'datetime': '2024-01-13', 'points': 2326}, time: 1705202112.922931
INFO:root:{'datetime': '2024-01-13', 'points': 2336}, time: 1705204805.841351
INFO:root:{'datetime': '2024-01-13', 'points': 2336}, time: 1705213076.191906
INFO:root:{'datetime': '2024-01-14', 'points': 2336}, time: 1705223578.647815
INFO:root:{'datetime': '2024-01-14', 'points': 2336}, time: 1705235102.986901
INFO:root:{'datetime': '2024-01-14', 'points': 2336}, time: 1705245215.771099
INFO:root:{'datetime': '2024-01-14', 'points': 2336}, time: 1705256204.284527
INFO:root:{'datetime': '2024-01-14', 'points': 2336}, time: 1705266746.321919
INFO:root:{'datetime': '2024-01-14', 'points': 2382}, time: 1705280821.864798
INFO:root:{'datetime': '2024-01-14', 'points': 2382}, time: 1705288526.220045
INFO:root:{'datetime': '2024-01-14', 'points': 2382}, time: 1705299594.613285
INFO:root:{'datetime': '2024-01-15', 'points': 2382}, time: 1705310131.7766
INFO:root:{'datetime': '2024-01-15', 'points': 2382}, time: 1705321673.100907
INFO:root:{'datetime': '2024-01-15', 'points': 2382}, time: 1705331700.543055
INFO:root:{'datetime': '2024-01-15', 'points': 2382}, time: 1705342667.080996
INFO:root:{'datetime': '2024-01-15', 'points': 2382}, time: 1705353223.692311
INFO:root:{'datetime': '2024-01-15', 'points': 2382}, time: 1705367064.088803
INFO:root:{'datetime': '2024-01-15', 'points': 2382}, time: 1705374997.299397
INFO:root:{'datetime': '2024-01-15', 'points': 2393}, time: 1705378981.682263
INFO:root:{'datetime': '2024-01-15', 'points': 2393}, time: 1705385939.416659
INFO:root:{'datetime': '2024-01-16', 'points': 2393}, time: 1705396477.196233
INFO:root:{'datetime': '2024-01-16', 'points': 2393}, time: 1705408074.126289
INFO:root:{'datetime': '2024-01-16', 'points': 2393}, time: 1705418092.618673
INFO:root:{'datetime': '2024-01-16', 'points': 2403}, time: 1705429084.137527
INFO:root:{'datetime': '2024-01-16', 'points': 2403}, time: 1705439594.558087
INFO:root:{'datetime': '2024-01-16', 'points': 2414}, time: 1705451167.228307
INFO:root:{'datetime': '2024-01-16', 'points': 2414}, time: 1705453501.429428
INFO:root:{'datetime': '2024-01-16', 'points': 2414}, time: 1705461384.487491
INFO:root:{'datetime': '2024-01-16', 'points': 2414}, time: 1705472336.572596
INFO:root:{'datetime': '2024-01-17', 'points': 2414}, time: 1705482905.515752
INFO:root:{'datetime': '2024-01-17', 'points': 2414}, time: 1705494468.212445
INFO:root:{'datetime': '2024-01-17', 'points': 2414}, time: 1705504490.260304
INFO:root:{'datetime': '2024-01-17', 'points': 2514}, time: 1705514883.262192
INFO:root:{'datetime': '2024-01-17', 'points': 2514}, time: 1705515503.930409
INFO:root:{'datetime': '2024-01-17', 'points': 2514}, time: 1705525977.917544
INFO:root:{'datetime': '2024-01-17', 'points': 2514}, time: 1705539890.56132
INFO:root:{'datetime': '2024-01-17', 'points': 2514}, time: 1705547745.052054
INFO:root:{'datetime': '2024-01-17', 'points': 2514}, time: 1705558763.298701
INFO:root:{'datetime': '2024-01-18', 'points': 2525}, time: 1705569280.505674
INFO:root:{'datetime': '2024-01-18', 'points': 2525}, time: 1705580842.897617
INFO:root:{'datetime': '2024-01-18', 'points': 2525}, time: 1705590891.51778
INFO:root:{'datetime': '2024-01-18', 'points': 2525}, time: 1705601884.332695
INFO:root:{'datetime': '2024-01-18', 'points': 2525}, time: 1705612392.054988
INFO:root:{'datetime': '2024-01-18', 'points': 2536}, time: 1705626302.065249
INFO:root:{'datetime': '2024-01-18', 'points': 2536}, time: 1705634132.727809
INFO:root:{'datetime': '2024-01-18', 'points': 2536}, time: 1705645140.047519
INFO:root:{'datetime': '2024-01-19', 'points': 2536}, time: 1705655683.372778
INFO:root:{'datetime': '2024-01-19', 'points': 2536}, time: 1705667245.838082
INFO:root:{'datetime': '2024-01-19', 'points': 2536}, time: 1705677315.914045
INFO:root:{'datetime': '2024-01-19', 'points': 2536}, time: 1705688305.146075
INFO:root:{'datetime': '2024-01-19', 'points': 2536}, time: 1705698748.844644
INFO:root:{'datetime': '2024-01-19', 'points': 2547}, time: 1705712637.588571
INFO:root:{'datetime': '2024-01-19', 'points': 2547}, time: 1705720491.805924
INFO:root:{'datetime': '2024-01-19', 'points': 2547}, time: 1705731452.995181
INFO:root:{'datetime': '2024-01-20', 'points': 2547}, time: 1705741983.608366
INFO:root:{'datetime': '2024-01-20', 'points': 2547}, time: 1705753505.068843
INFO:root:{'datetime': '2024-01-20', 'points': 2547}, time: 1705763596.065244
INFO:root:{'datetime': '2024-01-20', 'points': 2552}, time: 1705774609.452687
INFO:root:{'datetime': '2024-01-20', 'points': 2552}, time: 1705785131.440722
INFO:root:{'datetime': '2024-01-20', 'points': 2552}, time: 1705799384.409998
INFO:root:{'datetime': '2024-01-20', 'points': 2603}, time: 1705806902.751752
INFO:root:{'datetime': '2024-01-20', 'points': 2603}, time: 1705817893.753189
INFO:root:{'datetime': '2024-01-21', 'points': 2603}, time: 1705828386.885604
INFO:root:{'datetime': '2024-01-21', 'points': 2603}, time: 1705839917.05431
INFO:root:{'datetime': '2024-01-21', 'points': 2603}, time: 1705850006.050288
INFO:root:{'datetime': '2024-01-21', 'points': 2603}, time: 1705861052.666013
INFO:root:{'datetime': '2024-01-21', 'points': 2603}, time: 1705871557.28444
INFO:root:{'datetime': '2024-01-21', 'points': 2603}, time: 1705885655.652602
INFO:root:{'datetime': '2024-01-21', 'points': 2614}, time: 1705893346.438171
INFO:root:{'datetime': '2024-01-21', 'points': 2614}, time: 1705904397.947507
INFO:root:{'datetime': '2024-01-22', 'points': 2624}, time: 1705945622.229712
INFO:root:{'datetime': '2024-01-22', 'points': 2624}, time: 1705947506.149036
INFO:root:{'datetime': '2024-01-22', 'points': 2624}, time: 1705957977.663651
INFO:root:{'datetime': '2024-01-22', 'points': 2659}, time: 1705971956.532181
INFO:root:{'datetime': '2024-01-22', 'points': 2659}, time: 1705979714.437306
INFO:root:{'datetime': '2024-01-22', 'points': 2670}, time: 1705990679.075252
INFO:root:{'datetime': '2024-01-22', 'points': 2670}, time: 1705990750.930646
INFO:root:{'datetime': '2024-01-23', 'points': 2670}, time: 1706001287.52838
INFO:root:{'datetime': '2024-01-23', 'points': 2670}, time: 1706012866.085728
INFO:root:{'datetime': '2024-01-23', 'points': 2670}, time: 1706022910.890608
INFO:root:{'datetime': '2024-01-23', 'points': 2670}, time: 1706033903.401615
INFO:root:{'datetime': '2024-01-23', 'points': 2670}, time: 1706044377.561056
INFO:root:{'datetime': '2024-01-23', 'points': 2681}, time: 1706058362.416336
INFO:root:{'datetime': '2024-01-23', 'points': 2681}, time: 1706066126.076181
INFO:root:{'datetime': '2024-01-23', 'points': 2681}, time: 1706077177.147738
INFO:root:{'datetime': '2024-01-24', 'points': 2681}, time: 1706087687.512404
INFO:root:{'datetime': '2024-01-24', 'points': 2681}, time: 1706099284.739388
INFO:root:{'datetime': '2024-01-24', 'points': 2681}, time: 1706109347.775402
INFO:root:{'datetime': '2024-01-24', 'points': 2681}, time: 1706120257.287821
INFO:root:{'datetime': '2024-01-24', 'points': 2681}, time: 1706130783.619749
INFO:root:{'datetime': '2024-01-24', 'points': 2681}, time: 1706144762.375173
INFO:root:{'datetime': '2024-01-24', 'points': 2681}, time: 1706152507.117171
INFO:root:{'datetime': '2024-01-24', 'points': 2717}, time: 1706163548.348754
INFO:root:{'datetime': '2024-01-25', 'points': 2717}, time: 1706174087.256435
INFO:root:{'datetime': '2024-01-25', 'points': 2717}, time: 1706185670.022755
INFO:root:{'datetime': '2024-01-25', 'points': 2717}, time: 1706195734.162408
INFO:root:{'datetime': '2024-01-25', 'points': 2717}, time: 1706206718.803822
INFO:root:{'datetime': '2024-01-25', 'points': 2717}, time: 1706217118.700325
INFO:root:{'datetime': '2024-01-25', 'points': 2718}, time: 1706230865.953772
INFO:root:{'datetime': '2024-01-25', 'points': 2718}, time: 1706238909.638462
INFO:root:{'datetime': '2024-01-25', 'points': 2728}, time: 1706249873.661797
INFO:root:{'datetime': '2024-01-26', 'points': 2728}, time: 1706260484.77183
INFO:root:{'datetime': '2024-01-26', 'points': 2728}, time: 1706271850.531686
INFO:root:{'datetime': '2024-01-26', 'points': 2728}, time: 1706282031.42543
INFO:root:{'datetime': '2024-01-26', 'points': 2728}, time: 1706293016.832816
INFO:root:{'datetime': '2024-01-26', 'points': 2728}, time: 1706303553.285768
INFO:root:{'datetime': '2024-01-26', 'points': 2728}, time: 1706317158.04889
INFO:root:{'datetime': '2024-01-26', 'points': 2739}, time: 1706325215.41498
INFO:root:{'datetime': '2024-01-26', 'points': 2739}, time: 1706336142.364425
INFO:root:{'datetime': '2024-01-27', 'points': 2739}, time: 1706346725.863938
INFO:root:{'datetime': '2024-01-27', 'points': 2739}, time: 1706358110.385974
INFO:root:{'datetime': '2024-01-27', 'points': 2739}, time: 1706368309.730545
INFO:root:{'datetime': '2024-01-27', 'points': 2739}, time: 1706379307.863213
INFO:root:{'datetime': '2024-01-27', 'points': 2739}, time: 1706389868.879589
INFO:root:{'datetime': '2024-01-27', 'points': 2739}, time: 1706403860.82785
INFO:root:{'datetime': '2024-01-27', 'points': 2739}, time: 1706411609.664482
INFO:root:{'datetime': '2024-01-27', 'points': 2739}, time: 1706422578.764108
INFO:root:{'datetime': '2024-01-28', 'points': 2750}, time: 1706433217.851224
INFO:root:{'datetime': '2024-01-28', 'points': 2750}, time: 1706444549.778262
INFO:root:{'datetime': '2024-01-28', 'points': 2750}, time: 1706454722.56772
INFO:root:{'datetime': '2024-01-28', 'points': 2750}, time: 1706465699.405616
INFO:root:{'datetime': '2024-01-28', 'points': 2750}, time: 1706476431.596408
INFO:root:{'datetime': '2024-01-28', 'points': 2750}, time: 1706490030.718945
INFO:root:{'datetime': '2024-01-28', 'points': 2750}, time: 1706498074.161328
INFO:root:{'datetime': '2024-01-28', 'points': 2750}, time: 1706509064.086262
INFO:root:{'datetime': '2024-01-29', 'points': 2750}, time: 1706519643.263458
INFO:root:{'datetime': '2024-01-29', 'points': 2761}, time: 1706522284.281359
INFO:root:{'datetime': '2024-01-29', 'points': 2761}, time: 1706531094.4113
INFO:root:{'datetime': '2024-01-29', 'points': 2761}, time: 1706541199.030399
INFO:root:{'datetime': '2024-01-29', 'points': 2761}, time: 1706552198.088938
INFO:root:{'datetime': '2024-01-29', 'points': 2761}, time: 1706562720.364371
INFO:root:{'datetime': '2024-01-29', 'points': 2796}, time: 1706576388.200341
INFO:root:{'datetime': '2024-01-29', 'points': 2807}, time: 1706584440.805629
INFO:root:{'datetime': '2024-01-29', 'points': 2817}, time: 1706595493.487189
INFO:root:{'datetime': '2024-01-30', 'points': 2817}, time: 1706606062.4096
INFO:root:{'datetime': '2024-01-30', 'points': 2817}, time: 1706617450.153166
INFO:root:{'datetime': '2024-01-30', 'points': 2817}, time: 1706627665.21541
INFO:root:{'datetime': '2024-01-30', 'points': 2817}, time: 1706638623.556273
INFO:root:{'datetime': '2024-01-30', 'points': 2817}, time: 1706649213.476873
INFO:root:{'datetime': '2024-01-30', 'points': 2817}, time: 1706662823.735835
INFO:root:{'datetime': '2024-01-30', 'points': 2818}, time: 1706670854.545382
INFO:root:{'datetime': '2024-01-30', 'points': 2878}, time: 1706681856.299084
INFO:root:{'datetime': '2024-01-31', 'points': 2878}, time: 1706692383.961749
INFO:root:{'datetime': '2024-01-31', 'points': 2878}, time: 1706703879.548631
INFO:root:{'datetime': '2024-01-31', 'points': 2878}, time: 1706714003.405691
INFO:root:{'datetime': '2024-01-31', 'points': 2878}, time: 1706724823.161149
INFO:root:{'datetime': '2024-01-31', 'points': 2878}, time: 1706735615.687248
INFO:root:{'datetime': '2024-01-31', 'points': 2878}, time: 1706749391.626804
INFO:root:{'datetime': '2024-01-31', 'points': 2879}, time: 1706757299.377573
INFO:root:{'datetime': '2024-01-31', 'points': 2879}, time: 1706768307.442232
INFO:root:{'datetime': '2024-01-31', 'points': 2924}, time: 1706772182.908066
INFO:root:{'datetime': '2024-02-01', 'points': 2924}, time: 1706778883.349242
INFO:root:{'datetime': '2024-02-01', 'points': 2924}, time: 1706790280.004898
INFO:root:{'datetime': '2024-02-01', 'points': 2924}, time: 1706800397.14942
INFO:root:{'datetime': '2024-02-01', 'points': 2924}, time: 1706811393.385413
INFO:root:{'datetime': '2024-02-01', 'points': 2924}, time: 1706821920.41284
INFO:root:{'datetime': '2024-02-01', 'points': 2924}, time: 1706835596.656369
INFO:root:{'datetime': '2024-02-01', 'points': 2924}, time: 1706843682.921269
INFO:root:{'datetime': '2024-02-01', 'points': 2935}, time: 1706854630.867124
INFO:root:{'datetime': '2024-02-02', 'points': 2935}, time: 1706865280.740097
INFO:root:{'datetime': '2024-02-02', 'points': 2935}, time: 1706876649.660106
INFO:root:{'datetime': '2024-02-02', 'points': 2935}, time: 1706886841.272083
INFO:root:{'datetime': '2024-02-02', 'points': 2935}, time: 1706897879.663635
INFO:root:{'datetime': '2024-02-02', 'points': 2935}, time: 1706908313.408806
INFO:root:{'datetime': '2024-02-02', 'points': 2935}, time: 1706921945.613955
INFO:root:{'datetime': '2024-02-02', 'points': 2946}, time: 1706930147.716551
INFO:root:{'datetime': '2024-02-02', 'points': 2946}, time: 1706940966.051616
INFO:root:{'datetime': '2024-02-03', 'points': 2946}, time: 1706951628.616342
INFO:root:{'datetime': '2024-02-03', 'points': 2946}, time: 1706962991.644799
INFO:root:{'datetime': '2024-02-03', 'points': 2946}, time: 1706973145.238369
INFO:root:{'datetime': '2024-02-03', 'points': 2946}, time: 1706984122.147397
INFO:root:{'datetime': '2024-02-03', 'points': 2946}, time: 1706994662.885176
INFO:root:{'datetime': '2024-02-03', 'points': 2946}, time: 1707008655.510439
INFO:root:{'datetime': '2024-02-03', 'points': 2946}, time: 1707016518.962515
INFO:root:{'datetime': '2024-02-03', 'points': 2947}, time: 1707027379.899692
INFO:root:{'datetime': '2024-02-04', 'points': 2957}, time: 1707037976.569167
INFO:root:{'datetime': '2024-02-04', 'points': 2957}, time: 1707049366.12104
INFO:root:{'datetime': '2024-02-04', 'points': 2957}, time: 1707059534.976491
INFO:root:{'datetime': '2024-02-04', 'points': 2957}, time: 1707070698.846944
INFO:root:{'datetime': '2024-02-04', 'points': 2957}, time: 1707081054.798254
INFO:root:{'datetime': '2024-02-04', 'points': 2957}, time: 1707094910.492798
INFO:root:{'datetime': '2024-02-05', 'points': 2978}, time: 1707160519.327675
INFO:root:{'datetime': '2024-02-05', 'points': 2978}, time: 1707167528.953291
INFO:root:{'datetime': '2024-02-05', 'points': 2978}, time: 1707181193.404308
INFO:root:{'datetime': '2024-02-05', 'points': 2978}, time: 1707189308.390723
INFO:root:{'datetime': '2024-02-05', 'points': 2989}, time: 1707199324.200562
INFO:root:{'datetime': '2024-02-05', 'points': 2989}, time: 1707200253.829299
INFO:root:{'datetime': '2024-02-06', 'points': 2989}, time: 1707210822.843577
INFO:root:{'datetime': '2024-02-06', 'points': 2989}, time: 1707222334.009753
INFO:root:{'datetime': '2024-02-06', 'points': 2989}, time: 1707232419.277199
INFO:root:{'datetime': '2024-02-06', 'points': 2989}, time: 1707243311.292898
INFO:root:{'datetime': '2024-02-06', 'points': 2989}, time: 1707253945.397083
INFO:root:{'datetime': '2024-02-06', 'points': 2989}, time: 1707267483.598706
INFO:root:{'datetime': '2024-02-06', 'points': 2989}, time: 1707275712.559795
INFO:root:{'datetime': '2024-02-06', 'points': 3000}, time: 1707286642.955075
INFO:root:{'datetime': '2024-02-07', 'points': 3000}, time: 1707309122.266712
INFO:root:{'datetime': '2024-02-07', 'points': 3000}, time: 1707330134.608396
INFO:root:{'datetime': '2024-02-07', 'points': 3000}, time: 1707354952.055716
INFO:root:{'datetime': '2024-02-07', 'points': 3000}, time: 1707373412.316484
INFO:root:{'datetime': '2024-02-08', 'points': 3000}, time: 1707395556.837415
INFO:root:{'datetime': '2024-02-08', 'points': 3000}, time: 1707416538.033812
INFO:root:{'datetime': '2024-02-08', 'points': 3011}, time: 1707420830.026185
INFO:root:{'datetime': '2024-02-08', 'points': 3011}, time: 1707441337.454628
INFO:root:{'datetime': '2024-02-08', 'points': 3011}, time: 1707459765.676575
INFO:root:{'datetime': '2024-02-09', 'points': 3057}, time: 1707481901.209667
INFO:root:{'datetime': '2024-02-09', 'points': 3057}, time: 1707502923.739805
INFO:root:{'datetime': '2024-02-09', 'points': 3057}, time: 1707527666.705006
INFO:root:{'datetime': '2024-02-09', 'points': 3068}, time: 1707546105.226443
INFO:root:{'datetime': '2024-02-10', 'points': 3068}, time: 1707568254.254499
INFO:root:{'datetime': '2024-02-10', 'points': 3068}, time: 1707589265.900571
INFO:root:{'datetime': '2024-02-10', 'points': 3079}, time: 1707614519.261586
INFO:root:{'datetime': '2024-02-10', 'points': 3084}, time: 1707632575.051122
INFO:root:{'datetime': '2024-02-11', 'points': 3084}, time: 1707654626.33959
INFO:root:{'datetime': '2024-02-11', 'points': 3084}, time: 1707675717.356269
INFO:root:{'datetime': '2024-02-11', 'points': 3084}, time: 1707700615.913919
INFO:root:{'datetime': '2024-02-11', 'points': 3095}, time: 1707718990.193288
INFO:root:{'datetime': '2024-02-12', 'points': 3095}, time: 1707741174.102017
INFO:root:{'datetime': '2024-02-12', 'points': 3095}, time: 1707762120.634638
INFO:root:{'datetime': '2024-02-12', 'points': 3136}, time: 1707784753.764506
INFO:root:{'datetime': '2024-02-12', 'points': 3136}, time: 1707787029.473595
INFO:root:{'datetime': '2024-02-12', 'points': 3136}, time: 1707805479.428087
INFO:root:{'datetime': '2024-02-13', 'points': 3136}, time: 1707827536.748315
INFO:root:{'datetime': '2024-02-13', 'points': 3146}, time: 1707848623.997192
INFO:root:{'datetime': '2024-02-13', 'points': 3147}, time: 1707873435.179111
INFO:root:{'datetime': '2024-02-13', 'points': 3147}, time: 1707891813.555745
INFO:root:{'datetime': '2024-02-14', 'points': 3157}, time: 1707913990.553506
INFO:root:{'datetime': '2024-02-14', 'points': 3157}, time: 1707935009.434947
INFO:root:{'datetime': '2024-02-14', 'points': 3203}, time: 1707959814.030484
INFO:root:{'datetime': '2024-02-14', 'points': 3203}, time: 1707978202.823648
INFO:root:{'datetime': '2024-02-15', 'points': 3203}, time: 1708000329.176068
INFO:root:{'datetime': '2024-02-15', 'points': 3203}, time: 1708021404.260707
INFO:root:{'datetime': '2024-02-15', 'points': 3203}, time: 1708046191.727553
INFO:root:{'datetime': '2024-02-15', 'points': 3214}, time: 1708064650.886531
INFO:root:{'datetime': '2024-02-16', 'points': 3214}, time: 1708086748.867418
INFO:root:{'datetime': '2024-02-16', 'points': 3214}, time: 1708107766.039321
INFO:root:{'datetime': '2024-02-16', 'points': 3214}, time: 1708132565.751527
INFO:root:{'datetime': '2024-02-16', 'points': 3225}, time: 1708150931.660072
INFO:root:{'datetime': '2024-02-17', 'points': 3225}, time: 1708173014.691115
INFO:root:{'datetime': '2024-02-17', 'points': 3225}, time: 1708194047.934871
INFO:root:{'datetime': '2024-02-17', 'points': 3225}, time: 1708219254.041601
INFO:root:{'datetime': '2024-02-17', 'points': 3241}, time: 1708237327.159328
INFO:root:{'datetime': '2024-02-18', 'points': 3241}, time: 1708259448.616617
INFO:root:{'datetime': '2024-02-18', 'points': 3241}, time: 1708280442.32827
INFO:root:{'datetime': '2024-02-18', 'points': 3241}, time: 1708305473.35167
INFO:root:{'datetime': '2024-02-19', 'points': 3252}, time: 1708364967.962631
INFO:root:{'datetime': '2024-02-19', 'points': 3252}, time: 1708366992.020252
INFO:root:{'datetime': '2024-02-19', 'points': 3252}, time: 1708391739.998605
INFO:root:{'datetime': '2024-02-19', 'points': 3263}, time: 1708410229.012862
INFO:root:{'datetime': '2024-02-20', 'points': 3263}, time: 1708432377.989214
INFO:root:{'datetime': '2024-02-20', 'points': 3263}, time: 1708453478.745012
INFO:root:{'datetime': '2024-02-20', 'points': 3263}, time: 1708478207.542738
INFO:root:{'datetime': '2024-02-20', 'points': 3263}, time: 1708496577.215488
INFO:root:{'datetime': '2024-02-21', 'points': 3274}, time: 1708518788.891191
INFO:root:{'datetime': '2024-02-21', 'points': 3274}, time: 1708539802.129967
INFO:root:{'datetime': '2024-02-21', 'points': 3285}, time: 1708564573.369525
INFO:root:{'datetime': '2024-02-21', 'points': 3285}, time: 1708583005.06407
INFO:root:{'datetime': '2024-02-22', 'points': 3285}, time: 1708605135.393417
INFO:root:{'datetime': '2024-02-22', 'points': 3295}, time: 1708626178.848294
INFO:root:{'datetime': '2024-02-22', 'points': 3306}, time: 1708650929.214244
INFO:root:{'datetime': '2024-02-22', 'points': 3306}, time: 1708669412.311827
INFO:root:{'datetime': '2024-02-23', 'points': 3306}, time: 1708691532.509862
INFO:root:{'datetime': '2024-02-23', 'points': 3306}, time: 1708712598.095537
INFO:root:{'datetime': '2024-02-23', 'points': 3306}, time: 1708737232.067293
INFO:root:{'datetime': '2024-02-23', 'points': 3307}, time: 1708755678.195272
INFO:root:{'datetime': '2024-02-24', 'points': 3317}, time: 1708777793.319204
INFO:root:{'datetime': '2024-02-24', 'points': 3352}, time: 1708798946.72128
INFO:root:{'datetime': '2024-02-24', 'points': 3352}, time: 1708824051.947825
INFO:root:{'datetime': '2024-02-24', 'points': 3352}, time: 1708842097.402381
INFO:root:{'datetime': '2024-02-25', 'points': 3352}, time: 1708864233.331407
INFO:root:{'datetime': '2024-02-25', 'points': 3388}, time: 1708885269.977052
INFO:root:{'datetime': '2024-02-25', 'points': 3388}, time: 1708910283.303371
INFO:root:{'datetime': '2024-02-25', 'points': 3399}, time: 1708928666.571686
INFO:root:{'datetime': '2024-02-26', 'points': 3399}, time: 1708950766.474433
INFO:root:{'datetime': '2024-02-26', 'points': 3399}, time: 1708971737.96582
INFO:root:{'datetime': '2024-02-26', 'points': 3410}, time: 1708996535.121871
INFO:root:{'datetime': '2024-02-26', 'points': 3410}, time: 1709014962.604654
INFO:root:{'datetime': '2024-02-27', 'points': 3410}, time: 1709037113.643739
INFO:root:{'datetime': '2024-02-27', 'points': 3410}, time: 1709058098.040241
INFO:root:{'datetime': '2024-02-27', 'points': 3420}, time: 1709082920.261868
INFO:root:{'datetime': '2024-02-27', 'points': 3420}, time: 1709101384.942914
INFO:root:{'datetime': '2024-02-28', 'points': 3420}, time: 1709123535.653686
INFO:root:{'datetime': '2024-02-28', 'points': 3431}, time: 1709144579.125242
INFO:root:{'datetime': '2024-02-28', 'points': 3527}, time: 1709169349.903972
INFO:root:{'datetime': '2024-02-28', 'points': 3527}, time: 1709187823.975468
INFO:root:{'datetime': '2024-02-29', 'points': 3527}, time: 1709209970.41181
INFO:root:{'datetime': '2024-02-29', 'points': 3527}, time: 1709231010.686333
INFO:root:{'datetime': '2024-02-29', 'points': 3527}, time: 1709256142.847609
INFO:root:{'datetime': '2024-02-29', 'points': 3573}, time: 1709261457.479556
INFO:root:{'datetime': '2024-02-29', 'points': 3573}, time: 1709274227.054884
INFO:root:{'datetime': '2024-03-01', 'points': 3573}, time: 1709296374.722988
INFO:root:{'datetime': '2024-03-01', 'points': 3573}, time: 1709317479.841953
INFO:root:{'datetime': '2024-03-01', 'points': 3573}, time: 1709342061.845596
INFO:root:{'datetime': '2024-03-01', 'points': 3573}, time: 1709360618.992001
INFO:root:{'datetime': '2024-03-02', 'points': 3573}, time: 1709382622.88751
INFO:root:{'datetime': '2024-03-02', 'points': 3584}, time: 1709403807.629334
INFO:root:{'datetime': '2024-03-02', 'points': 3595}, time: 1709428796.545901
INFO:root:{'datetime': '2024-03-02', 'points': 3595}, time: 1709446945.405001
INFO:root:{'datetime': '2024-03-03', 'points': 3595}, time: 1709469037.640084
INFO:root:{'datetime': '2024-03-03', 'points': 3595}, time: 1709490060.905131
INFO:root:{'datetime': '2024-03-03', 'points': 3595}, time: 1709515024.753947
INFO:root:{'datetime': '2024-03-04', 'points': 3616}, time: 1709587771.928859
INFO:root:{'datetime': '2024-03-04', 'points': 3616}, time: 1709588731.766967
INFO:root:{'datetime': '2024-03-04', 'points': 3616}, time: 1709601346.695362
INFO:root:{'datetime': '2024-03-04', 'points': 3616}, time: 1709619765.336679
INFO:root:{'datetime': '2024-03-05', 'points': 3627}, time: 1709642001.468628
INFO:WDM:====== WebDriver manager ======
INFO:WDM:Get LATEST chromedriver version for google-chrome
INFO:WDM:Get LATEST chromedriver version for google-chrome
INFO:WDM:Driver [/Users/akhildeshpande/.wdm/drivers/chromedriver/mac64/122.0.6261.94/chromedriver-mac-arm64/chromedriver] found in cache
INFO:WDM:====== WebDriver manager ======
INFO:WDM:Get LATEST chromedriver version for google-chrome
INFO:WDM:Get LATEST chromedriver version for google-chrome
INFO:WDM:Driver [/Users/akhildeshpande/.wdm/drivers/chromedriver/mac64/122.0.6261.94/chromedriver-mac-arm64/chromedriver] found in cache
INFO:root:{'datetime': '2024-03-05', 'points': 3627}, time: 1709667277.678451
INFO:WDM:====== WebDriver manager ======
INFO:WDM:Get LATEST chromedriver version for google-chrome
INFO:WDM:Get LATEST chromedriver version for google-chrome
INFO:WDM:Driver [/Users/akhildeshpande/.wdm/drivers/chromedriver/mac64/122.0.6261.94/chromedriver-mac-arm64/chromedriver] found in cache
INFO:root:{'datetime': '2024-03-05', 'points': 3627}, time: 1709667484.493814
INFO:root:{'datetime': '2024-03-05', 'points': 3627}, time: 1709667870.024427
INFO:WDM:====== WebDriver manager ======
INFO:WDM:Get LATEST chromedriver version for google-chrome
INFO:WDM:Get LATEST chromedriver version for google-chrome
INFO:WDM:Driver [/Users/akhildeshpande/.wdm/drivers/chromedriver/mac64/122.0.6261.94/chromedriver-mac-arm64/chromedriver] found in cache
INFO:root:{'datetime': '2024-03-05', 'points': 3627}, time: 1709668383.145698
INFO:WDM:====== WebDriver manager ======
INFO:WDM:Get LATEST chromedriver version for google-chrome
INFO:WDM:Get LATEST chromedriver version for google-chrome
INFO:WDM:Driver [/Users/akhildeshpande/.wdm/drivers/chromedriver/mac64/122.0.6261.94/chromedriver-mac-arm64/chromedriver] found in cache
INFO:root:{'datetime': '2024-03-05', 'points': 3627}, time: 1709668535.423591
INFO:WDM:====== WebDriver manager ======
INFO:WDM:Get LATEST chromedriver version for google-chrome
INFO:WDM:Get LATEST chromedriver version for google-chrome
INFO:WDM:Driver [/Users/akhildeshpande/.wdm/drivers/chromedriver/mac64/122.0.6261.94/chromedriver-mac-arm64/chromedriver] found in cache
INFO:root:{'datetime': '2024-03-05', 'points': 3627}, time: 1709670291.154442
INFO:WDM:====== WebDriver manager ======
INFO:WDM:Get LATEST chromedriver version for google-chrome
INFO:WDM:Get LATEST chromedriver version for google-chrome
INFO:WDM:Driver [/Users/akhildeshpande/.wdm/drivers/chromedriver/mac64/122.0.6261.94/chromedriver-mac-arm64/chromedriver] found in cache
INFO:root:{'datetime': '2024-03-05', 'points': 3627}, time: 1709670675.156891
INFO:WDM:====== WebDriver manager ======
INFO:WDM:Get LATEST chromedriver version for google-chrome
INFO:WDM:Get LATEST chromedriver version for google-chrome
INFO:WDM:There is no [linux64] chromedriver "122.0.6261.94" for browser google-chrome "122.0.6261" in cache
INFO:WDM:Get LATEST chromedriver version for google-chrome
INFO:WDM:WebDriver version 122.0.6261.94 selected
INFO:WDM:Modern chrome version https://storage.googleapis.com/chrome-for-testing-public/122.0.6261.94/linux64/chromedriver-linux64.zip
INFO:WDM:About to download new driver from https://storage.googleapis.com/chrome-for-testing-public/122.0.6261.94/linux64/chromedriver-linux64.zip
INFO:WDM:Driver downloading response is 200
INFO:WDM:Get LATEST chromedriver version for google-chrome
INFO:WDM:Driver has been saved in cache [/home/runner/.wdm/drivers/chromedriver/linux64/122.0.6261.94]
INFO:root:{'datetime': '2024-03-05', 'points': 3627}, time: 1709670856.106047
INFO:WDM:====== WebDriver manager ======
INFO:WDM:Get LATEST chromedriver version for google-chrome
INFO:WDM:Get LATEST chromedriver version for google-chrome
INFO:WDM:There is no [linux64] chromedriver "122.0.6261.94" for browser google-chrome "122.0.6261" in cache
INFO:WDM:Get LATEST chromedriver version for google-chrome
INFO:WDM:WebDriver version 122.0.6261.94 selected
INFO:WDM:Modern chrome version https://storage.googleapis.com/chrome-for-testing-public/122.0.6261.94/linux64/chromedriver-linux64.zip
INFO:WDM:About to download new driver from https://storage.googleapis.com/chrome-for-testing-public/122.0.6261.94/linux64/chromedriver-linux64.zip
INFO:WDM:Driver downloading response is 200
INFO:WDM:Get LATEST chromedriver version for google-chrome
INFO:WDM:Driver has been saved in cache [/home/runner/.wdm/drivers/chromedriver/linux64/122.0.6261.94]
INFO:root:{'datetime': '2024-03-05', 'points': 3627}, time: 1709671039.781076
INFO:WDM:====== WebDriver manager ======
INFO:WDM:Get LATEST chromedriver version for google-chrome
INFO:WDM:Get LATEST chromedriver version for google-chrome
INFO:WDM:There is no [linux64] chromedriver "122.0.6261.94" for browser google-chrome "122.0.6261" in cache
INFO:WDM:Get LATEST chromedriver version for google-chrome
INFO:WDM:WebDriver version 122.0.6261.94 selected
INFO:WDM:Modern chrome version https://storage.googleapis.com/chrome-for-testing-public/122.0.6261.94/linux64/chromedriver-linux64.zip
INFO:WDM:About to download new driver from https://storage.googleapis.com/chrome-for-testing-public/122.0.6261.94/linux64/chromedriver-linux64.zip
INFO:WDM:Driver downloading response is 200
INFO:WDM:Get LATEST chromedriver version for google-chrome
INFO:WDM:Driver has been saved in cache [/home/runner/.wdm/drivers/chromedriver/linux64/122.0.6261.94]
INFO:root:{'datetime': '2024-03-05', 'points': 3627}, time: 1709687834.832456
INFO:WDM:====== WebDriver manager ======
INFO:WDM:Get LATEST chromedriver version for google-chrome
INFO:WDM:Get LATEST chromedriver version for google-chrome
INFO:WDM:There is no [linux64] chromedriver "122.0.6261.94" for browser google-chrome "122.0.6261" in cache
INFO:WDM:Get LATEST chromedriver version for google-chrome
INFO:WDM:WebDriver version 122.0.6261.94 selected
INFO:WDM:Modern chrome version https://storage.googleapis.com/chrome-for-testing-public/122.0.6261.94/linux64/chromedriver-linux64.zip
INFO:WDM:About to download new driver from https://storage.googleapis.com/chrome-for-testing-public/122.0.6261.94/linux64/chromedriver-linux64.zip
INFO:WDM:Driver downloading response is 200
INFO:WDM:Get LATEST chromedriver version for google-chrome
INFO:WDM:Driver has been saved in cache [/home/runner/.wdm/drivers/chromedriver/linux64/122.0.6261.94]
INFO:root:{'datetime': '2024-03-05', 'points': 3627}, time: 1709706336.057462
INFO:WDM:====== WebDriver manager ======
INFO:WDM:Get LATEST chromedriver version for google-chrome
INFO:WDM:Get LATEST chromedriver version for google-chrome
INFO:WDM:There is no [linux64] chromedriver "122.0.6261.94" for browser google-chrome "122.0.6261" in cache
INFO:WDM:Get LATEST chromedriver version for google-chrome
INFO:WDM:WebDriver version 122.0.6261.94 selected
INFO:WDM:Modern chrome version https://storage.googleapis.com/chrome-for-testing-public/122.0.6261.94/linux64/chromedriver-linux64.zip
INFO:WDM:About to download new driver from https://storage.googleapis.com/chrome-for-testing-public/122.0.6261.94/linux64/chromedriver-linux64.zip
INFO:WDM:Driver downloading response is 200
INFO:WDM:Get LATEST chromedriver version for google-chrome
INFO:WDM:Driver has been saved in cache [/home/runner/.wdm/drivers/chromedriver/linux64/122.0.6261.94]
INFO:root:{'datetime': '2024-03-06', 'points': 3638}, time: 1709728468.989535
INFO:root:stalled
INFO:root:stalled
INFO:root:stalled
INFO:root:stalled
INFO:root:stalled
INFO:root:stalled
INFO:root:stalled
INFO:root:stalled
INFO:root:stalled
INFO:root:stalled
INFO:root:stalled
INFO:root:stalled
INFO:root:stalled
INFO:root:stalled
INFO:root:stalled
INFO:root:stalled
INFO:root:stalled
INFO:root:stalled
INFO:root:stalled
INFO:root:stalled
INFO:root:stalled
INFO:root:stalled
INFO:root:stalled
INFO:root:stalled
INFO:root:stalled
INFO:root:stalled
INFO:root:stalled
INFO:root:stalled
